-------------------------
NCBI Request Failed! Truncate Request:
Tax: 2
Released before: 01-07
Released after: 01-01
Fields: accession,assminfo-biosample-isolation-source
-------------------------
-------------------------
NCBI Request Failed! Truncate Request:
Tax: 2
Released before: 01-14
Released after: 01-08
Fields: accession,assminfo-biosample-isolation-source
-------------------------
-------------------------
NCBI Request Failed! Truncate Request:
Tax: 2
Released before: 01-21
Released after: 01-15
Fields: accession,assminfo-biosample-isolation-source
-------------------------
-------------------------
NCBI Request Failed! Truncate Request:
Tax: 2
Released before: 01-28
Released after: 01-22
Fields: accession,assminfo-biosample-isolation-source
-------------------------
-------------------------
NCBI Request Failed! Truncate Request:
Tax: 2
Released before: 02-04
Released after: 01-29
Fields: accession,assminfo-biosample-isolation-source
-------------------------
-------------------------
NCBI Request Failed! Truncate Request:
Tax: 2
Released before: 02-11
Released after: 02-05
Fields: accession,assminfo-biosample-isolation-source
-------------------------
-------------------------
NCBI Request Failed! Truncate Request:
Tax: 2
Released before: 02-18
Released after: 02-12
Fields: accession,assminfo-biosample-isolation-source
-------------------------
-------------------------
NCBI Request Failed! Truncate Request:
Tax: 2
Released before: 02-25
Released after: 02-19
Fields: accession,assminfo-biosample-isolation-source
-------------------------
-------------------------
NCBI Request Failed! Truncate Request:
Tax: 2
Released before: 03-04
Released after: 02-26
Fields: accession,assminfo-biosample-isolation-source
-------------------------
