Starting - NCBI Request: Downloading all Bacteria Metadata:
Downloading all Bacteria Metadata from year: start of NCBI - 2010:
Total of Assemblies founded: 5113 / Total of Assemblies expected: 2.938.712
Downloading all Bacteria Metadata from year: 2011 (1/50):
Downloading all Bacteria Metadata from year: 2011 (2/50):
Downloading all Bacteria Metadata from year: 2011 (3/50):
Downloading all Bacteria Metadata from year: 2011 (4/50):
Downloading all Bacteria Metadata from year: 2011 (5/50):
Downloading all Bacteria Metadata from year: 2011 (6/50):
Downloading all Bacteria Metadata from year: 2011 (7/50):
Downloading all Bacteria Metadata from year: 2011 (8/50):
Downloading all Bacteria Metadata from year: 2011 (9/50):
Downloading all Bacteria Metadata from year: 2011 (10/50):
Downloading all Bacteria Metadata from year: 2011 (11/50):
Downloading all Bacteria Metadata from year: 2011 (12/50):
Downloading all Bacteria Metadata from year: 2011 (13/50):
Downloading all Bacteria Metadata from year: 2011 (14/50):
Downloading all Bacteria Metadata from year: 2011 (15/50):
Downloading all Bacteria Metadata from year: 2011 (16/50):
Downloading all Bacteria Metadata from year: 2011 (17/50):
Downloading all Bacteria Metadata from year: 2011 (18/50):
Downloading all Bacteria Metadata from year: 2011 (19/50):
Downloading all Bacteria Metadata from year: 2011 (20/50):
Downloading all Bacteria Metadata from year: 2011 (21/50):
Downloading all Bacteria Metadata from year: 2011 (22/50):
Downloading all Bacteria Metadata from year: 2011 (23/50):
Downloading all Bacteria Metadata from year: 2011 (24/50):
Downloading all Bacteria Metadata from year: 2011 (25/50):
Downloading all Bacteria Metadata from year: 2011 (26/50):
Downloading all Bacteria Metadata from year: 2011 (27/50):
Downloading all Bacteria Metadata from year: 2011 (28/50):
Downloading all Bacteria Metadata from year: 2011 (29/50):
Downloading all Bacteria Metadata from year: 2011 (30/50):
Downloading all Bacteria Metadata from year: 2011 (31/50):
Downloading all Bacteria Metadata from year: 2011 (32/50):
Downloading all Bacteria Metadata from year: 2011 (33/50):
Downloading all Bacteria Metadata from year: 2011 (34/50):
Downloading all Bacteria Metadata from year: 2011 (35/50):
Downloading all Bacteria Metadata from year: 2011 (36/50):
Downloading all Bacteria Metadata from year: 2011 (37/50):
Downloading all Bacteria Metadata from year: 2011 (38/50):
Downloading all Bacteria Metadata from year: 2011 (39/50):
Downloading all Bacteria Metadata from year: 2011 (40/50):
Downloading all Bacteria Metadata from year: 2011 (41/50):
Downloading all Bacteria Metadata from year: 2011 (42/50):
Downloading all Bacteria Metadata from year: 2011 (43/50):
Downloading all Bacteria Metadata from year: 2011 (44/50):
Downloading all Bacteria Metadata from year: 2011 (45/50):
Downloading all Bacteria Metadata from year: 2011 (46/50):
Downloading all Bacteria Metadata from year: 2011 (47/50):
Downloading all Bacteria Metadata from year: 2011 (48/50):
Downloading all Bacteria Metadata from year: 2011 (49/50):
Downloading all Bacteria Metadata from year: 2011 (50/50):
Total of Assemblies founded: 8400 / Total of Assemblies expected: 2.938.712
Downloading all Bacteria Metadata from year: 2012 (1/50):
Downloading all Bacteria Metadata from year: 2012 (2/50):
Downloading all Bacteria Metadata from year: 2012 (3/50):
Downloading all Bacteria Metadata from year: 2012 (4/50):
Downloading all Bacteria Metadata from year: 2012 (5/50):
Downloading all Bacteria Metadata from year: 2012 (6/50):
Downloading all Bacteria Metadata from year: 2012 (7/50):
Downloading all Bacteria Metadata from year: 2012 (8/50):
Downloading all Bacteria Metadata from year: 2012 (9/50):
Downloading all Bacteria Metadata from year: 2012 (10/50):
Downloading all Bacteria Metadata from year: 2012 (11/50):
Downloading all Bacteria Metadata from year: 2012 (12/50):
Downloading all Bacteria Metadata from year: 2012 (13/50):
Downloading all Bacteria Metadata from year: 2012 (14/50):
Downloading all Bacteria Metadata from year: 2012 (15/50):
Downloading all Bacteria Metadata from year: 2012 (16/50):
Downloading all Bacteria Metadata from year: 2012 (17/50):
Downloading all Bacteria Metadata from year: 2012 (18/50):
Downloading all Bacteria Metadata from year: 2012 (19/50):
Downloading all Bacteria Metadata from year: 2012 (20/50):
Downloading all Bacteria Metadata from year: 2012 (21/50):
Downloading all Bacteria Metadata from year: 2012 (22/50):
Downloading all Bacteria Metadata from year: 2012 (23/50):
Downloading all Bacteria Metadata from year: 2012 (24/50):
Downloading all Bacteria Metadata from year: 2012 (25/50):
Downloading all Bacteria Metadata from year: 2012 (26/50):
Downloading all Bacteria Metadata from year: 2012 (27/50):
Downloading all Bacteria Metadata from year: 2012 (28/50):
Downloading all Bacteria Metadata from year: 2012 (29/50):
Downloading all Bacteria Metadata from year: 2012 (30/50):
Downloading all Bacteria Metadata from year: 2012 (31/50):
Downloading all Bacteria Metadata from year: 2012 (32/50):
Downloading all Bacteria Metadata from year: 2012 (33/50):
Downloading all Bacteria Metadata from year: 2012 (34/50):
Downloading all Bacteria Metadata from year: 2012 (35/50):
Downloading all Bacteria Metadata from year: 2012 (36/50):
Downloading all Bacteria Metadata from year: 2012 (37/50):
Downloading all Bacteria Metadata from year: 2012 (38/50):
Downloading all Bacteria Metadata from year: 2012 (39/50):
Downloading all Bacteria Metadata from year: 2012 (40/50):
Downloading all Bacteria Metadata from year: 2012 (41/50):
Downloading all Bacteria Metadata from year: 2012 (42/50):
Downloading all Bacteria Metadata from year: 2012 (43/50):
Downloading all Bacteria Metadata from year: 2012 (44/50):
Downloading all Bacteria Metadata from year: 2012 (45/50):
Downloading all Bacteria Metadata from year: 2012 (46/50):
Downloading all Bacteria Metadata from year: 2012 (47/50):
Downloading all Bacteria Metadata from year: 2012 (48/50):
Downloading all Bacteria Metadata from year: 2012 (49/50):
Downloading all Bacteria Metadata from year: 2012 (50/50):
Total of Assemblies founded: 15361 / Total of Assemblies expected: 2.938.712
Downloading all Bacteria Metadata from year: 2013 (1/50):
Downloading all Bacteria Metadata from year: 2013 (2/50):
Downloading all Bacteria Metadata from year: 2013 (3/50):
Downloading all Bacteria Metadata from year: 2013 (4/50):
Downloading all Bacteria Metadata from year: 2013 (5/50):
Downloading all Bacteria Metadata from year: 2013 (6/50):
Downloading all Bacteria Metadata from year: 2013 (7/50):
Downloading all Bacteria Metadata from year: 2013 (8/50):
Downloading all Bacteria Metadata from year: 2013 (9/50):
Downloading all Bacteria Metadata from year: 2013 (10/50):
Downloading all Bacteria Metadata from year: 2013 (11/50):
Downloading all Bacteria Metadata from year: 2013 (12/50):
Downloading all Bacteria Metadata from year: 2013 (13/50):
Downloading all Bacteria Metadata from year: 2013 (14/50):
Downloading all Bacteria Metadata from year: 2013 (15/50):
Downloading all Bacteria Metadata from year: 2013 (16/50):
Downloading all Bacteria Metadata from year: 2013 (17/50):
Downloading all Bacteria Metadata from year: 2013 (18/50):
Downloading all Bacteria Metadata from year: 2013 (19/50):
Downloading all Bacteria Metadata from year: 2013 (20/50):
Downloading all Bacteria Metadata from year: 2013 (21/50):
Downloading all Bacteria Metadata from year: 2013 (22/50):
Downloading all Bacteria Metadata from year: 2013 (23/50):
Downloading all Bacteria Metadata from year: 2013 (24/50):
Downloading all Bacteria Metadata from year: 2013 (25/50):
Downloading all Bacteria Metadata from year: 2013 (26/50):
Downloading all Bacteria Metadata from year: 2013 (27/50):
Downloading all Bacteria Metadata from year: 2013 (28/50):
Downloading all Bacteria Metadata from year: 2013 (29/50):
Downloading all Bacteria Metadata from year: 2013 (30/50):
Downloading all Bacteria Metadata from year: 2013 (31/50):
Downloading all Bacteria Metadata from year: 2013 (32/50):
Downloading all Bacteria Metadata from year: 2013 (33/50):
Downloading all Bacteria Metadata from year: 2013 (34/50):
Downloading all Bacteria Metadata from year: 2013 (35/50):
Downloading all Bacteria Metadata from year: 2013 (36/50):
Downloading all Bacteria Metadata from year: 2013 (37/50):
Downloading all Bacteria Metadata from year: 2013 (38/50):
Downloading all Bacteria Metadata from year: 2013 (39/50):
Downloading all Bacteria Metadata from year: 2013 (40/50):
Downloading all Bacteria Metadata from year: 2013 (41/50):
Downloading all Bacteria Metadata from year: 2013 (42/50):
Downloading all Bacteria Metadata from year: 2013 (43/50):
Downloading all Bacteria Metadata from year: 2013 (44/50):
Downloading all Bacteria Metadata from year: 2013 (45/50):
Downloading all Bacteria Metadata from year: 2013 (46/50):
Downloading all Bacteria Metadata from year: 2013 (47/50):
Downloading all Bacteria Metadata from year: 2013 (48/50):
Downloading all Bacteria Metadata from year: 2013 (49/50):
Downloading all Bacteria Metadata from year: 2013 (50/50):
Total of Assemblies founded: 31574 / Total of Assemblies expected: 2.938.712
Downloading all Bacteria Metadata from year: 2014 (1/50):
Downloading all Bacteria Metadata from year: 2014 (2/50):
Downloading all Bacteria Metadata from year: 2014 (3/50):
Downloading all Bacteria Metadata from year: 2014 (4/50):
Downloading all Bacteria Metadata from year: 2014 (5/50):
Downloading all Bacteria Metadata from year: 2014 (6/50):
Downloading all Bacteria Metadata from year: 2014 (7/50):
Downloading all Bacteria Metadata from year: 2014 (8/50):
Downloading all Bacteria Metadata from year: 2014 (9/50):
Downloading all Bacteria Metadata from year: 2014 (10/50):
Downloading all Bacteria Metadata from year: 2014 (11/50):
Downloading all Bacteria Metadata from year: 2014 (12/50):
Downloading all Bacteria Metadata from year: 2014 (13/50):
Downloading all Bacteria Metadata from year: 2014 (14/50):
Downloading all Bacteria Metadata from year: 2014 (15/50):
Downloading all Bacteria Metadata from year: 2014 (16/50):
Downloading all Bacteria Metadata from year: 2014 (17/50):
Downloading all Bacteria Metadata from year: 2014 (18/50):
Downloading all Bacteria Metadata from year: 2014 (19/50):
Downloading all Bacteria Metadata from year: 2014 (20/50):
Downloading all Bacteria Metadata from year: 2014 (21/50):
Downloading all Bacteria Metadata from year: 2014 (22/50):
Downloading all Bacteria Metadata from year: 2014 (23/50):
Downloading all Bacteria Metadata from year: 2014 (24/50):
Downloading all Bacteria Metadata from year: 2014 (25/50):
Downloading all Bacteria Metadata from year: 2014 (26/50):
Downloading all Bacteria Metadata from year: 2014 (27/50):
Downloading all Bacteria Metadata from year: 2014 (28/50):
Downloading all Bacteria Metadata from year: 2014 (29/50):
Downloading all Bacteria Metadata from year: 2014 (30/50):
Downloading all Bacteria Metadata from year: 2014 (31/50):
Downloading all Bacteria Metadata from year: 2014 (32/50):
Downloading all Bacteria Metadata from year: 2014 (33/50):
Downloading all Bacteria Metadata from year: 2014 (34/50):
Downloading all Bacteria Metadata from year: 2014 (35/50):
Downloading all Bacteria Metadata from year: 2014 (36/50):
Downloading all Bacteria Metadata from year: 2014 (37/50):
Downloading all Bacteria Metadata from year: 2014 (38/50):
Downloading all Bacteria Metadata from year: 2014 (39/50):
Downloading all Bacteria Metadata from year: 2014 (40/50):
Downloading all Bacteria Metadata from year: 2014 (41/50):
Downloading all Bacteria Metadata from year: 2014 (42/50):
Downloading all Bacteria Metadata from year: 2014 (43/50):
Downloading all Bacteria Metadata from year: 2014 (44/50):
Downloading all Bacteria Metadata from year: 2014 (45/50):
Downloading all Bacteria Metadata from year: 2014 (46/50):
Downloading all Bacteria Metadata from year: 2014 (47/50):
Downloading all Bacteria Metadata from year: 2014 (48/50):
Downloading all Bacteria Metadata from year: 2014 (49/50):
Downloading all Bacteria Metadata from year: 2014 (50/50):
Total of Assemblies founded: 58775 / Total of Assemblies expected: 2.938.712
Downloading all Bacteria Metadata from year: 2015 (1/50):
Downloading all Bacteria Metadata from year: 2015 (2/50):
Downloading all Bacteria Metadata from year: 2015 (3/50):
Downloading all Bacteria Metadata from year: 2015 (4/50):
Downloading all Bacteria Metadata from year: 2015 (5/50):
Downloading all Bacteria Metadata from year: 2015 (6/50):
Downloading all Bacteria Metadata from year: 2015 (7/50):
Downloading all Bacteria Metadata from year: 2015 (8/50):
Downloading all Bacteria Metadata from year: 2015 (9/50):
Downloading all Bacteria Metadata from year: 2015 (10/50):
Downloading all Bacteria Metadata from year: 2015 (11/50):
Downloading all Bacteria Metadata from year: 2015 (12/50):
Downloading all Bacteria Metadata from year: 2015 (13/50):
Downloading all Bacteria Metadata from year: 2015 (14/50):
Downloading all Bacteria Metadata from year: 2015 (15/50):
Downloading all Bacteria Metadata from year: 2015 (16/50):
Downloading all Bacteria Metadata from year: 2015 (17/50):
Downloading all Bacteria Metadata from year: 2015 (18/50):
Downloading all Bacteria Metadata from year: 2015 (19/50):
Downloading all Bacteria Metadata from year: 2015 (20/50):
Downloading all Bacteria Metadata from year: 2015 (21/50):
Downloading all Bacteria Metadata from year: 2015 (22/50):
Downloading all Bacteria Metadata from year: 2015 (23/50):
Downloading all Bacteria Metadata from year: 2015 (24/50):
Downloading all Bacteria Metadata from year: 2015 (25/50):
Downloading all Bacteria Metadata from year: 2015 (26/50):
Downloading all Bacteria Metadata from year: 2015 (27/50):
Downloading all Bacteria Metadata from year: 2015 (28/50):
Downloading all Bacteria Metadata from year: 2015 (29/50):
Downloading all Bacteria Metadata from year: 2015 (30/50):
Downloading all Bacteria Metadata from year: 2015 (31/50):
Downloading all Bacteria Metadata from year: 2015 (32/50):
Downloading all Bacteria Metadata from year: 2015 (33/50):
Downloading all Bacteria Metadata from year: 2015 (34/50):
Downloading all Bacteria Metadata from year: 2015 (35/50):
Downloading all Bacteria Metadata from year: 2015 (36/50):
Downloading all Bacteria Metadata from year: 2015 (37/50):
Downloading all Bacteria Metadata from year: 2015 (38/50):
Downloading all Bacteria Metadata from year: 2015 (39/50):
Downloading all Bacteria Metadata from year: 2015 (40/50):
Downloading all Bacteria Metadata from year: 2015 (41/50):
Downloading all Bacteria Metadata from year: 2015 (42/50):
Downloading all Bacteria Metadata from year: 2015 (43/50):
Downloading all Bacteria Metadata from year: 2015 (44/50):
Downloading all Bacteria Metadata from year: 2015 (45/50):
Downloading all Bacteria Metadata from year: 2015 (46/50):
Downloading all Bacteria Metadata from year: 2015 (47/50):
Downloading all Bacteria Metadata from year: 2015 (48/50):
Downloading all Bacteria Metadata from year: 2015 (49/50):
Downloading all Bacteria Metadata from year: 2015 (50/50):
Total of Assemblies founded: 109795 / Total of Assemblies expected: 2.938.712
Downloading all Bacteria Metadata from year: 2016 (1/50):
Downloading all Bacteria Metadata from year: 2016 (2/50):
Downloading all Bacteria Metadata from year: 2016 (3/50):
Downloading all Bacteria Metadata from year: 2016 (4/50):
Downloading all Bacteria Metadata from year: 2016 (5/50):
Downloading all Bacteria Metadata from year: 2016 (6/50):
Downloading all Bacteria Metadata from year: 2016 (7/50):
Downloading all Bacteria Metadata from year: 2016 (8/50):
Downloading all Bacteria Metadata from year: 2016 (9/50):
Downloading all Bacteria Metadata from year: 2016 (10/50):
Downloading all Bacteria Metadata from year: 2016 (11/50):
Downloading all Bacteria Metadata from year: 2016 (12/50):
Downloading all Bacteria Metadata from year: 2016 (13/50):
Downloading all Bacteria Metadata from year: 2016 (14/50):
Downloading all Bacteria Metadata from year: 2016 (15/50):
Downloading all Bacteria Metadata from year: 2016 (16/50):
Downloading all Bacteria Metadata from year: 2016 (17/50):
Downloading all Bacteria Metadata from year: 2016 (18/50):
Downloading all Bacteria Metadata from year: 2016 (19/50):
Downloading all Bacteria Metadata from year: 2016 (20/50):
Downloading all Bacteria Metadata from year: 2016 (21/50):
Downloading all Bacteria Metadata from year: 2016 (22/50):
Downloading all Bacteria Metadata from year: 2016 (23/50):
Downloading all Bacteria Metadata from year: 2016 (24/50):
Downloading all Bacteria Metadata from year: 2016 (25/50):
Downloading all Bacteria Metadata from year: 2016 (26/50):
Downloading all Bacteria Metadata from year: 2016 (27/50):
Downloading all Bacteria Metadata from year: 2016 (28/50):
Downloading all Bacteria Metadata from year: 2016 (29/50):
Downloading all Bacteria Metadata from year: 2016 (30/50):
Downloading all Bacteria Metadata from year: 2016 (31/50):
Downloading all Bacteria Metadata from year: 2016 (32/50):
Downloading all Bacteria Metadata from year: 2016 (33/50):
Downloading all Bacteria Metadata from year: 2016 (34/50):
Downloading all Bacteria Metadata from year: 2016 (35/50):
Downloading all Bacteria Metadata from year: 2016 (36/50):
Downloading all Bacteria Metadata from year: 2016 (37/50):
Downloading all Bacteria Metadata from year: 2016 (38/50):
Downloading all Bacteria Metadata from year: 2016 (39/50):
Downloading all Bacteria Metadata from year: 2016 (40/50):
Downloading all Bacteria Metadata from year: 2016 (41/50):
Downloading all Bacteria Metadata from year: 2016 (42/50):
Downloading all Bacteria Metadata from year: 2016 (43/50):
Downloading all Bacteria Metadata from year: 2016 (44/50):
Downloading all Bacteria Metadata from year: 2016 (45/50):
Downloading all Bacteria Metadata from year: 2016 (46/50):
Downloading all Bacteria Metadata from year: 2016 (47/50):
Downloading all Bacteria Metadata from year: 2016 (48/50):
Downloading all Bacteria Metadata from year: 2016 (49/50):
Downloading all Bacteria Metadata from year: 2016 (50/50):
Total of Assemblies founded: 162960 / Total of Assemblies expected: 2.938.712
Downloading all Bacteria Metadata from year: 2017 (1/50):
Downloading all Bacteria Metadata from year: 2017 (2/50):
Downloading all Bacteria Metadata from year: 2017 (3/50):
Downloading all Bacteria Metadata from year: 2017 (4/50):
Downloading all Bacteria Metadata from year: 2017 (5/50):
Downloading all Bacteria Metadata from year: 2017 (6/50):
Downloading all Bacteria Metadata from year: 2017 (7/50):
Downloading all Bacteria Metadata from year: 2017 (8/50):
Downloading all Bacteria Metadata from year: 2017 (9/50):
Downloading all Bacteria Metadata from year: 2017 (10/50):
Downloading all Bacteria Metadata from year: 2017 (11/50):
Downloading all Bacteria Metadata from year: 2017 (12/50):
Downloading all Bacteria Metadata from year: 2017 (13/50):
Downloading all Bacteria Metadata from year: 2017 (14/50):
Downloading all Bacteria Metadata from year: 2017 (15/50):
Downloading all Bacteria Metadata from year: 2017 (16/50):
Downloading all Bacteria Metadata from year: 2017 (17/50):
Downloading all Bacteria Metadata from year: 2017 (18/50):
Downloading all Bacteria Metadata from year: 2017 (19/50):
Downloading all Bacteria Metadata from year: 2017 (20/50):
Downloading all Bacteria Metadata from year: 2017 (21/50):
Downloading all Bacteria Metadata from year: 2017 (22/50):
Downloading all Bacteria Metadata from year: 2017 (23/50):
Downloading all Bacteria Metadata from year: 2017 (24/50):
Downloading all Bacteria Metadata from year: 2017 (25/50):
Downloading all Bacteria Metadata from year: 2017 (26/50):
Downloading all Bacteria Metadata from year: 2017 (27/50):
Downloading all Bacteria Metadata from year: 2017 (28/50):
Downloading all Bacteria Metadata from year: 2017 (29/50):
Downloading all Bacteria Metadata from year: 2017 (30/50):
Downloading all Bacteria Metadata from year: 2017 (31/50):
Downloading all Bacteria Metadata from year: 2017 (32/50):
Downloading all Bacteria Metadata from year: 2017 (33/50):
Downloading all Bacteria Metadata from year: 2017 (34/50):
Downloading all Bacteria Metadata from year: 2017 (35/50):
Downloading all Bacteria Metadata from year: 2017 (36/50):
Downloading all Bacteria Metadata from year: 2017 (37/50):
Downloading all Bacteria Metadata from year: 2017 (38/50):
Downloading all Bacteria Metadata from year: 2017 (39/50):
Downloading all Bacteria Metadata from year: 2017 (40/50):
Downloading all Bacteria Metadata from year: 2017 (41/50):
Downloading all Bacteria Metadata from year: 2017 (42/50):
Downloading all Bacteria Metadata from year: 2017 (43/50):
Downloading all Bacteria Metadata from year: 2017 (44/50):
Downloading all Bacteria Metadata from year: 2017 (45/50):
Downloading all Bacteria Metadata from year: 2017 (46/50):
Downloading all Bacteria Metadata from year: 2017 (47/50):
Downloading all Bacteria Metadata from year: 2017 (48/50):
Downloading all Bacteria Metadata from year: 2017 (49/50):
Downloading all Bacteria Metadata from year: 2017 (50/50):
Total of Assemblies founded: 231714 / Total of Assemblies expected: 2.938.712
Downloading all Bacteria Metadata from year: 2018 (1/50):
Downloading all Bacteria Metadata from year: 2018 (2/50):
Downloading all Bacteria Metadata from year: 2018 (3/50):
Downloading all Bacteria Metadata from year: 2018 (4/50):
Downloading all Bacteria Metadata from year: 2018 (5/50):
Downloading all Bacteria Metadata from year: 2018 (6/50):
Downloading all Bacteria Metadata from year: 2018 (7/50):
Downloading all Bacteria Metadata from year: 2018 (8/50):
Downloading all Bacteria Metadata from year: 2018 (9/50):
Downloading all Bacteria Metadata from year: 2018 (10/50):
Downloading all Bacteria Metadata from year: 2018 (11/50):
Downloading all Bacteria Metadata from year: 2018 (12/50):
Downloading all Bacteria Metadata from year: 2018 (13/50):
Downloading all Bacteria Metadata from year: 2018 (14/50):
Downloading all Bacteria Metadata from year: 2018 (15/50):
Downloading all Bacteria Metadata from year: 2018 (16/50):
Downloading all Bacteria Metadata from year: 2018 (17/50):
Downloading all Bacteria Metadata from year: 2018 (18/50):
Downloading all Bacteria Metadata from year: 2018 (19/50):
Downloading all Bacteria Metadata from year: 2018 (20/50):
Downloading all Bacteria Metadata from year: 2018 (21/50):
Downloading all Bacteria Metadata from year: 2018 (22/50):
Downloading all Bacteria Metadata from year: 2018 (23/50):
Downloading all Bacteria Metadata from year: 2018 (24/50):
Downloading all Bacteria Metadata from year: 2018 (25/50):
Downloading all Bacteria Metadata from year: 2018 (26/50):
Downloading all Bacteria Metadata from year: 2018 (27/50):
Downloading all Bacteria Metadata from year: 2018 (28/50):
Downloading all Bacteria Metadata from year: 2018 (29/50):
Downloading all Bacteria Metadata from year: 2018 (30/50):
Downloading all Bacteria Metadata from year: 2018 (31/50):
Downloading all Bacteria Metadata from year: 2018 (32/50):
Downloading all Bacteria Metadata from year: 2018 (33/50):
Downloading all Bacteria Metadata from year: 2018 (34/50):
Downloading all Bacteria Metadata from year: 2018 (35/50):
Downloading all Bacteria Metadata from year: 2018 (36/50):
Downloading all Bacteria Metadata from year: 2018 (37/50):
Downloading all Bacteria Metadata from year: 2018 (38/50):
Downloading all Bacteria Metadata from year: 2018 (39/50):
Downloading all Bacteria Metadata from year: 2018 (40/50):
Downloading all Bacteria Metadata from year: 2018 (41/50):
Downloading all Bacteria Metadata from year: 2018 (42/50):
Downloading all Bacteria Metadata from year: 2018 (43/50):
Downloading all Bacteria Metadata from year: 2018 (44/50):
Downloading all Bacteria Metadata from year: 2018 (45/50):
Downloading all Bacteria Metadata from year: 2018 (46/50):
Downloading all Bacteria Metadata from year: 2018 (47/50):
Downloading all Bacteria Metadata from year: 2018 (48/50):
Downloading all Bacteria Metadata from year: 2018 (49/50):
Downloading all Bacteria Metadata from year: 2018 (50/50):
Total of Assemblies founded: 323609 / Total of Assemblies expected: 2.938.712
Downloading all Bacteria Metadata from year: 2019 (1/50):
Downloading all Bacteria Metadata from year: 2019 (2/50):
Downloading all Bacteria Metadata from year: 2019 (3/50):
Downloading all Bacteria Metadata from year: 2019 (4/50):
Downloading all Bacteria Metadata from year: 2019 (5/50):
Downloading all Bacteria Metadata from year: 2019 (6/50):
Downloading all Bacteria Metadata from year: 2019 (7/50):
Downloading all Bacteria Metadata from year: 2019 (8/50):
Downloading all Bacteria Metadata from year: 2019 (9/50):
Downloading all Bacteria Metadata from year: 2019 (10/50):
Downloading all Bacteria Metadata from year: 2019 (11/50):
Downloading all Bacteria Metadata from year: 2019 (12/50):
Downloading all Bacteria Metadata from year: 2019 (13/50):
Downloading all Bacteria Metadata from year: 2019 (14/50):
Downloading all Bacteria Metadata from year: 2019 (15/50):
Downloading all Bacteria Metadata from year: 2019 (16/50):
Downloading all Bacteria Metadata from year: 2019 (17/50):
Downloading all Bacteria Metadata from year: 2019 (18/50):
Downloading all Bacteria Metadata from year: 2019 (19/50):
Downloading all Bacteria Metadata from year: 2019 (20/50):
Downloading all Bacteria Metadata from year: 2019 (21/50):
Downloading all Bacteria Metadata from year: 2019 (22/50):
Downloading all Bacteria Metadata from year: 2019 (23/50):
Downloading all Bacteria Metadata from year: 2019 (24/50):
Downloading all Bacteria Metadata from year: 2019 (25/50):
Downloading all Bacteria Metadata from year: 2019 (26/50):
Downloading all Bacteria Metadata from year: 2019 (27/50):
Downloading all Bacteria Metadata from year: 2019 (28/50):
Downloading all Bacteria Metadata from year: 2019 (29/50):
Downloading all Bacteria Metadata from year: 2019 (30/50):
Downloading all Bacteria Metadata from year: 2019 (31/50):
Downloading all Bacteria Metadata from year: 2019 (32/50):
Downloading all Bacteria Metadata from year: 2019 (33/50):
Downloading all Bacteria Metadata from year: 2019 (34/50):
Downloading all Bacteria Metadata from year: 2019 (35/50):
Downloading all Bacteria Metadata from year: 2019 (36/50):
Downloading all Bacteria Metadata from year: 2019 (37/50):
Downloading all Bacteria Metadata from year: 2019 (38/50):
Downloading all Bacteria Metadata from year: 2019 (39/50):
Downloading all Bacteria Metadata from year: 2019 (40/50):
Downloading all Bacteria Metadata from year: 2019 (41/50):
Downloading all Bacteria Metadata from year: 2019 (42/50):
Downloading all Bacteria Metadata from year: 2019 (43/50):
Downloading all Bacteria Metadata from year: 2019 (44/50):
Downloading all Bacteria Metadata from year: 2019 (45/50):
Downloading all Bacteria Metadata from year: 2019 (46/50):
Downloading all Bacteria Metadata from year: 2019 (47/50):
Downloading all Bacteria Metadata from year: 2019 (48/50):
Downloading all Bacteria Metadata from year: 2019 (49/50):
Downloading all Bacteria Metadata from year: 2019 (50/50):
Total of Assemblies founded: 668324 / Total of Assemblies expected: 2.938.712
Downloading all Bacteria Metadata from year: 2020 (1/50):
Downloading all Bacteria Metadata from year: 2020 (2/50):
Downloading all Bacteria Metadata from year: 2020 (3/50):
Downloading all Bacteria Metadata from year: 2020 (4/50):
Downloading all Bacteria Metadata from year: 2020 (5/50):
Downloading all Bacteria Metadata from year: 2020 (6/50):
Downloading all Bacteria Metadata from year: 2020 (7/50):
Downloading all Bacteria Metadata from year: 2020 (8/50):
Downloading all Bacteria Metadata from year: 2020 (9/50):
Downloading all Bacteria Metadata from year: 2020 (10/50):
Downloading all Bacteria Metadata from year: 2020 (11/50):
Downloading all Bacteria Metadata from year: 2020 (12/50):
Downloading all Bacteria Metadata from year: 2020 (13/50):
Downloading all Bacteria Metadata from year: 2020 (14/50):
Downloading all Bacteria Metadata from year: 2020 (15/50):
Downloading all Bacteria Metadata from year: 2020 (16/50):
Downloading all Bacteria Metadata from year: 2020 (17/50):
Downloading all Bacteria Metadata from year: 2020 (18/50):
Downloading all Bacteria Metadata from year: 2020 (19/50):
Downloading all Bacteria Metadata from year: 2020 (20/50):
Downloading all Bacteria Metadata from year: 2020 (21/50):
Downloading all Bacteria Metadata from year: 2020 (22/50):
Downloading all Bacteria Metadata from year: 2020 (23/50):
Downloading all Bacteria Metadata from year: 2020 (24/50):
Downloading all Bacteria Metadata from year: 2020 (25/50):
Downloading all Bacteria Metadata from year: 2020 (26/50):
Downloading all Bacteria Metadata from year: 2020 (27/50):
Downloading all Bacteria Metadata from year: 2020 (28/50):
Downloading all Bacteria Metadata from year: 2020 (29/50):
Downloading all Bacteria Metadata from year: 2020 (30/50):
Downloading all Bacteria Metadata from year: 2020 (31/50):
Downloading all Bacteria Metadata from year: 2020 (32/50):
Downloading all Bacteria Metadata from year: 2020 (33/50):
Downloading all Bacteria Metadata from year: 2020 (34/50):
Downloading all Bacteria Metadata from year: 2020 (35/50):
Downloading all Bacteria Metadata from year: 2020 (36/50):
Downloading all Bacteria Metadata from year: 2020 (37/50):
Downloading all Bacteria Metadata from year: 2020 (38/50):
Downloading all Bacteria Metadata from year: 2020 (39/50):
Downloading all Bacteria Metadata from year: 2020 (40/50):
Downloading all Bacteria Metadata from year: 2020 (41/50):
Downloading all Bacteria Metadata from year: 2020 (42/50):
Downloading all Bacteria Metadata from year: 2020 (43/50):
Downloading all Bacteria Metadata from year: 2020 (44/50):
Downloading all Bacteria Metadata from year: 2020 (45/50):
Downloading all Bacteria Metadata from year: 2020 (46/50):
Downloading all Bacteria Metadata from year: 2020 (47/50):
Downloading all Bacteria Metadata from year: 2020 (48/50):
Downloading all Bacteria Metadata from year: 2020 (49/50):
Downloading all Bacteria Metadata from year: 2020 (50/50):
Total of Assemblies founded: 1048111 / Total of Assemblies expected: 2.938.712
Downloading all Bacteria Metadata from year: 2021 (1/50):
Downloading all Bacteria Metadata from year: 2021 (2/50):
Downloading all Bacteria Metadata from year: 2021 (3/50):
Downloading all Bacteria Metadata from year: 2021 (4/50):
Downloading all Bacteria Metadata from year: 2021 (5/50):
Downloading all Bacteria Metadata from year: 2021 (6/50):
Downloading all Bacteria Metadata from year: 2021 (7/50):
Downloading all Bacteria Metadata from year: 2021 (8/50):
Downloading all Bacteria Metadata from year: 2021 (9/50):
Downloading all Bacteria Metadata from year: 2021 (10/50):
Downloading all Bacteria Metadata from year: 2021 (11/50):
Downloading all Bacteria Metadata from year: 2021 (12/50):
Downloading all Bacteria Metadata from year: 2021 (13/50):
Downloading all Bacteria Metadata from year: 2021 (14/50):
Downloading all Bacteria Metadata from year: 2021 (15/50):
Downloading all Bacteria Metadata from year: 2021 (16/50):
Downloading all Bacteria Metadata from year: 2021 (17/50):
Downloading all Bacteria Metadata from year: 2021 (18/50):
Downloading all Bacteria Metadata from year: 2021 (19/50):
Downloading all Bacteria Metadata from year: 2021 (20/50):
Downloading all Bacteria Metadata from year: 2021 (21/50):
Downloading all Bacteria Metadata from year: 2021 (22/50):
Downloading all Bacteria Metadata from year: 2021 (23/50):
Downloading all Bacteria Metadata from year: 2021 (24/50):
Downloading all Bacteria Metadata from year: 2021 (25/50):
Downloading all Bacteria Metadata from year: 2021 (26/50):
Downloading all Bacteria Metadata from year: 2021 (27/50):
Downloading all Bacteria Metadata from year: 2021 (28/50):
Downloading all Bacteria Metadata from year: 2021 (29/50):
Downloading all Bacteria Metadata from year: 2021 (30/50):
Downloading all Bacteria Metadata from year: 2021 (31/50):
Downloading all Bacteria Metadata from year: 2021 (32/50):
Downloading all Bacteria Metadata from year: 2021 (33/50):
Downloading all Bacteria Metadata from year: 2021 (34/50):
Downloading all Bacteria Metadata from year: 2021 (35/50):
Downloading all Bacteria Metadata from year: 2021 (36/50):
Downloading all Bacteria Metadata from year: 2021 (37/50):
Downloading all Bacteria Metadata from year: 2021 (38/50):
Downloading all Bacteria Metadata from year: 2021 (39/50):
Downloading all Bacteria Metadata from year: 2021 (40/50):
Downloading all Bacteria Metadata from year: 2021 (41/50):
Downloading all Bacteria Metadata from year: 2021 (42/50):
Downloading all Bacteria Metadata from year: 2021 (43/50):
Downloading all Bacteria Metadata from year: 2021 (44/50):
Downloading all Bacteria Metadata from year: 2021 (45/50):
Downloading all Bacteria Metadata from year: 2021 (46/50):
Downloading all Bacteria Metadata from year: 2021 (47/50):
Downloading all Bacteria Metadata from year: 2021 (48/50):
Downloading all Bacteria Metadata from year: 2021 (49/50):
Downloading all Bacteria Metadata from year: 2021 (50/50):
Total of Assemblies founded: 1344403 / Total of Assemblies expected: 2.938.712
Downloading all Bacteria Metadata from year: 2022 (1/50):
Downloading all Bacteria Metadata from year: 2022 (2/50):
Downloading all Bacteria Metadata from year: 2022 (3/50):
Downloading all Bacteria Metadata from year: 2022 (4/50):
Downloading all Bacteria Metadata from year: 2022 (5/50):
Downloading all Bacteria Metadata from year: 2022 (6/50):
Downloading all Bacteria Metadata from year: 2022 (7/50):
Downloading all Bacteria Metadata from year: 2022 (8/50):
Downloading all Bacteria Metadata from year: 2022 (9/50):
Downloading all Bacteria Metadata from year: 2022 (10/50):
Downloading all Bacteria Metadata from year: 2022 (11/50):
Downloading all Bacteria Metadata from year: 2022 (12/50):
Downloading all Bacteria Metadata from year: 2022 (13/50):
Downloading all Bacteria Metadata from year: 2022 (14/50):
Downloading all Bacteria Metadata from year: 2022 (15/50):
Downloading all Bacteria Metadata from year: 2022 (16/50):
Downloading all Bacteria Metadata from year: 2022 (17/50):
Downloading all Bacteria Metadata from year: 2022 (18/50):
Downloading all Bacteria Metadata from year: 2022 (19/50):
Downloading all Bacteria Metadata from year: 2022 (20/50):
Downloading all Bacteria Metadata from year: 2022 (21/50):
Downloading all Bacteria Metadata from year: 2022 (22/50):
Downloading all Bacteria Metadata from year: 2022 (23/50):
Downloading all Bacteria Metadata from year: 2022 (24/50):
Downloading all Bacteria Metadata from year: 2022 (25/50):
Downloading all Bacteria Metadata from year: 2022 (26/50):
Downloading all Bacteria Metadata from year: 2022 (27/50):
Downloading all Bacteria Metadata from year: 2022 (28/50):
Downloading all Bacteria Metadata from year: 2022 (29/50):
Downloading all Bacteria Metadata from year: 2022 (30/50):
Downloading all Bacteria Metadata from year: 2022 (31/50):
Downloading all Bacteria Metadata from year: 2022 (32/50):
Downloading all Bacteria Metadata from year: 2022 (33/50):
Downloading all Bacteria Metadata from year: 2022 (34/50):
Downloading all Bacteria Metadata from year: 2022 (35/50):
Downloading all Bacteria Metadata from year: 2022 (36/50):
Downloading all Bacteria Metadata from year: 2022 (37/50):
Downloading all Bacteria Metadata from year: 2022 (38/50):
Downloading all Bacteria Metadata from year: 2022 (39/50):
Downloading all Bacteria Metadata from year: 2022 (40/50):
Downloading all Bacteria Metadata from year: 2022 (41/50):
Downloading all Bacteria Metadata from year: 2022 (42/50):
Downloading all Bacteria Metadata from year: 2022 (43/50):
Downloading all Bacteria Metadata from year: 2022 (44/50):
Downloading all Bacteria Metadata from year: 2022 (45/50):
Downloading all Bacteria Metadata from year: 2022 (46/50):
Downloading all Bacteria Metadata from year: 2022 (47/50):
Downloading all Bacteria Metadata from year: 2022 (48/50):
Downloading all Bacteria Metadata from year: 2022 (49/50):
Downloading all Bacteria Metadata from year: 2022 (50/50):
Total of Assemblies founded: 1725986 / Total of Assemblies expected: 2.938.712
Downloading all Bacteria Metadata from year: 2023 (1/50):
Downloading all Bacteria Metadata from year: 2023 (2/50):
Downloading all Bacteria Metadata from year: 2023 (3/50):
Downloading all Bacteria Metadata from year: 2023 (4/50):
Downloading all Bacteria Metadata from year: 2023 (5/50):
Downloading all Bacteria Metadata from year: 2023 (6/50):
Downloading all Bacteria Metadata from year: 2023 (7/50):
Downloading all Bacteria Metadata from year: 2023 (8/50):
Downloading all Bacteria Metadata from year: 2023 (9/50):
Downloading all Bacteria Metadata from year: 2023 (10/50):
Downloading all Bacteria Metadata from year: 2023 (11/50):
Downloading all Bacteria Metadata from year: 2023 (12/50):
Downloading all Bacteria Metadata from year: 2023 (13/50):
Downloading all Bacteria Metadata from year: 2023 (14/50):
Downloading all Bacteria Metadata from year: 2023 (15/50):
Downloading all Bacteria Metadata from year: 2023 (16/50):
Downloading all Bacteria Metadata from year: 2023 (17/50):
Downloading all Bacteria Metadata from year: 2023 (18/50):
Downloading all Bacteria Metadata from year: 2023 (19/50):
Downloading all Bacteria Metadata from year: 2023 (20/50):
Downloading all Bacteria Metadata from year: 2023 (21/50):
Downloading all Bacteria Metadata from year: 2023 (22/50):
Downloading all Bacteria Metadata from year: 2023 (23/50):
Downloading all Bacteria Metadata from year: 2023 (24/50):
Downloading all Bacteria Metadata from year: 2023 (25/50):
Downloading all Bacteria Metadata from year: 2023 (26/50):
Downloading all Bacteria Metadata from year: 2023 (27/50):
Downloading all Bacteria Metadata from year: 2023 (28/50):
Downloading all Bacteria Metadata from year: 2023 (29/50):
Downloading all Bacteria Metadata from year: 2023 (30/50):
Downloading all Bacteria Metadata from year: 2023 (31/50):
Downloading all Bacteria Metadata from year: 2023 (32/50):
Downloading all Bacteria Metadata from year: 2023 (33/50):
Downloading all Bacteria Metadata from year: 2023 (34/50):
Downloading all Bacteria Metadata from year: 2023 (35/50):
Downloading all Bacteria Metadata from year: 2023 (36/50):
Downloading all Bacteria Metadata from year: 2023 (37/50):
Downloading all Bacteria Metadata from year: 2023 (38/50):
Downloading all Bacteria Metadata from year: 2023 (39/50):
Downloading all Bacteria Metadata from year: 2023 (40/50):
Downloading all Bacteria Metadata from year: 2023 (41/50):
Downloading all Bacteria Metadata from year: 2023 (42/50):
Downloading all Bacteria Metadata from year: 2023 (43/50):
Downloading all Bacteria Metadata from year: 2023 (44/50):
Downloading all Bacteria Metadata from year: 2023 (45/50):
Downloading all Bacteria Metadata from year: 2023 (46/50):
Downloading all Bacteria Metadata from year: 2023 (47/50):
Downloading all Bacteria Metadata from year: 2023 (48/50):
Downloading all Bacteria Metadata from year: 2023 (49/50):
Downloading all Bacteria Metadata from year: 2023 (50/50):
Total of Assemblies founded: 2258157 / Total of Assemblies expected: 2.938.712
Downloading all Bacteria Metadata from year: 2024 (1/50):
Downloading all Bacteria Metadata from year: 2024 (2/50):
Downloading all Bacteria Metadata from year: 2024 (3/50):
Downloading all Bacteria Metadata from year: 2024 (4/50):
Downloading all Bacteria Metadata from year: 2024 (5/50):
Downloading all Bacteria Metadata from year: 2024 (6/50):
Downloading all Bacteria Metadata from year: 2024 (7/50):
Downloading all Bacteria Metadata from year: 2024 (8/50):
Downloading all Bacteria Metadata from year: 2024 (9/50):
Downloading all Bacteria Metadata from year: 2024 (10/50):
Downloading all Bacteria Metadata from year: 2024 (11/50):
Downloading all Bacteria Metadata from year: 2024 (12/50):
Downloading all Bacteria Metadata from year: 2024 (13/50):
Downloading all Bacteria Metadata from year: 2024 (14/50):
Downloading all Bacteria Metadata from year: 2024 (15/50):
Downloading all Bacteria Metadata from year: 2024 (16/50):
Downloading all Bacteria Metadata from year: 2024 (17/50):
Downloading all Bacteria Metadata from year: 2024 (18/50):
Downloading all Bacteria Metadata from year: 2024 (19/50):
Downloading all Bacteria Metadata from year: 2024 (20/50):
Downloading all Bacteria Metadata from year: 2024 (21/50):
Downloading all Bacteria Metadata from year: 2024 (22/50):
Downloading all Bacteria Metadata from year: 2024 (23/50):
Downloading all Bacteria Metadata from year: 2024 (24/50):
Downloading all Bacteria Metadata from year: 2024 (25/50):
Downloading all Bacteria Metadata from year: 2024 (26/50):
Downloading all Bacteria Metadata from year: 2024 (27/50):
Downloading all Bacteria Metadata from year: 2024 (28/50):
Downloading all Bacteria Metadata from year: 2024 (29/50):
Downloading all Bacteria Metadata from year: 2024 (30/50):
Downloading all Bacteria Metadata from year: 2024 (31/50):
Downloading all Bacteria Metadata from year: 2024 (32/50):
Downloading all Bacteria Metadata from year: 2024 (33/50):
Downloading all Bacteria Metadata from year: 2024 (34/50):
Downloading all Bacteria Metadata from year: 2024 (35/50):
Downloading all Bacteria Metadata from year: 2024 (36/50):
Downloading all Bacteria Metadata from year: 2024 (37/50):
Downloading all Bacteria Metadata from year: 2024 (38/50):
Downloading all Bacteria Metadata from year: 2024 (39/50):
Downloading all Bacteria Metadata from year: 2024 (40/50):
Downloading all Bacteria Metadata from year: 2024 (41/50):
Downloading all Bacteria Metadata from year: 2024 (42/50):
Downloading all Bacteria Metadata from year: 2024 (43/50):
Downloading all Bacteria Metadata from year: 2024 (44/50):
Downloading all Bacteria Metadata from year: 2024 (45/50):
Downloading all Bacteria Metadata from year: 2024 (46/50):
Downloading all Bacteria Metadata from year: 2024 (47/50):
Downloading all Bacteria Metadata from year: 2024 (48/50):
Downloading all Bacteria Metadata from year: 2024 (49/50):
Downloading all Bacteria Metadata from year: 2024 (50/50):
Total of Assemblies founded: 2862342 / Total of Assemblies expected: 2.938.712
Downloading all Bacteria Metadata from year: 2025 (1/50):
Downloading all Bacteria Metadata from year: 2025 (2/50):
Downloading all Bacteria Metadata from year: 2025 (3/50):
Downloading all Bacteria Metadata from year: 2025 (4/50):
Downloading all Bacteria Metadata from year: 2025 (5/50):
Downloading all Bacteria Metadata from year: 2025 (6/50):
Downloading all Bacteria Metadata from year: 2025 (7/50):
Downloading all Bacteria Metadata from year: 2025 (8/50):
Downloading all Bacteria Metadata from year: 2025 (9/50):
Downloading all Bacteria Metadata from year: 2025 (10/50):
Downloading all Bacteria Metadata from year: 2025 (11/50):
Downloading all Bacteria Metadata from year: 2025 (12/50):
Downloading all Bacteria Metadata from year: 2025 (13/50):
Downloading all Bacteria Metadata from year: 2025 (14/50):
Downloading all Bacteria Metadata from year: 2025 (15/50):
Downloading all Bacteria Metadata from year: 2025 (16/50):
Downloading all Bacteria Metadata from year: 2025 (17/50):
Downloading all Bacteria Metadata from year: 2025 (18/50):
Downloading all Bacteria Metadata from year: 2025 (19/50):
Downloading all Bacteria Metadata from year: 2025 (20/50):
Downloading all Bacteria Metadata from year: 2025 (21/50):
Downloading all Bacteria Metadata from year: 2025 (22/50):
Downloading all Bacteria Metadata from year: 2025 (23/50):
Downloading all Bacteria Metadata from year: 2025 (24/50):
Downloading all Bacteria Metadata from year: 2025 (25/50):
Downloading all Bacteria Metadata from year: 2025 (26/50):
Downloading all Bacteria Metadata from year: 2025 (27/50):
Downloading all Bacteria Metadata from year: 2025 (28/50):
Downloading all Bacteria Metadata from year: 2025 (29/50):
Downloading all Bacteria Metadata from year: 2025 (30/50):
Downloading all Bacteria Metadata from year: 2025 (31/50):
Downloading all Bacteria Metadata from year: 2025 (32/50):
Downloading all Bacteria Metadata from year: 2025 (33/50):
Downloading all Bacteria Metadata from year: 2025 (34/50):
Downloading all Bacteria Metadata from year: 2025 (35/50):
Downloading all Bacteria Metadata from year: 2025 (36/50):
Downloading all Bacteria Metadata from year: 2025 (37/50):
Downloading all Bacteria Metadata from year: 2025 (38/50):
Downloading all Bacteria Metadata from year: 2025 (39/50):
Downloading all Bacteria Metadata from year: 2025 (40/50):
Downloading all Bacteria Metadata from year: 2025 (41/50):
Downloading all Bacteria Metadata from year: 2025 (42/50):
Downloading all Bacteria Metadata from year: 2025 (43/50):
Downloading all Bacteria Metadata from year: 2025 (44/50):
Downloading all Bacteria Metadata from year: 2025 (45/50):
Downloading all Bacteria Metadata from year: 2025 (46/50):
Downloading all Bacteria Metadata from year: 2025 (47/50):
Downloading all Bacteria Metadata from year: 2025 (48/50):
Downloading all Bacteria Metadata from year: 2025 (49/50):
Downloading all Bacteria Metadata from year: 2025 (50/50):
Total of Assemblies founded: 3378882 / Total of Assemblies expected: 2.938.712
Downloading all Bacteria Metadata from year: 2026 - present:
Total of Assemblies founded: 3461392 / Total of Assemblies expected: 2.938.712
Duration of command: 216m : 28s
 
Start - NCBI Request: Downloading all Archaea Metadata in the background:
Total of Assemblies founded: 38034 / Total of Assemblies expected: 34.827
Duration of command: 1m : 1s
 
renamed 'temp.tsv' -> 'ThermophilesAcession_Bac.tsv'
renamed 'temp.tsv' -> 'ThermophilesAcession_Arc.tsv'
Start - NCBI Request: All metadata fields for thermophilic organisms
